# JRE version: OpenJDK Runtime Environment Microsoft-10376486 (17.0.13+11) (build 17.0.13+11-LTS)
# Java VM: OpenJDK 64-Bit Server VM Microsoft-10376486 (17.0.13+11-LTS, mixed mode, sharing, tiered, compressed oops, compressed class ptrs, g1 gc, windows-amd64)
GC Precious Log:
 CPUs: 8 total, 8 available
 Memory: 7998M
 Large Page Support: Disabled
 NUMA Support: Disabled
 Compressed Oops: Enabled (32-bit)
 Heap Region Size: 1M
 Heap Min Capacity: 8M
 Heap Initial Capacity: 126M
 Heap Max Capacity: 2G
 Pre-touch: Disabled
 Parallel Workers: 8
 Concurrent Workers: 2
 Concurrent Refinement Workers: 8
 Periodic GC: Disabled
Heap:
 garbage-first heap   total 129024K, used 59800K [0x0000000080000000, 0x0000000100000000)
  region size 1024K, 1 young (1024K), 1 survivors (1024K)
 Metaspace       used 61117K, committed 61824K, reserved 491520K
  class space    used 8622K, committed 8960K, reserved 425984K
GC Heap History (20 events):
Event: 13.754 GC heap after
{Heap after GC invocations=14 (full 0):
 garbage-first heap   total 89088K, used 39795K [0x0000000080000000, 0x0000000100000000)
  region size 1024K, 4 young (4096K), 4 survivors (4096K)
 Metaspace       used 47111K, committed 47680K, reserved 491520K
  class space    used 6603K, committed 6848K, reserved 425984K
}
Event: 14.400 GC heap before
{Heap before GC invocations=14 (full 0):
 garbage-first heap   total 89088K, used 71539K [0x0000000080000000, 0x0000000100000000)
  region size 1024K, 35 young (35840K), 4 survivors (4096K)
 Metaspace       used 50663K, committed 51264K, reserved 491520K
  class space    used 7130K, committed 7424K, reserved 425984K
}
Event: 14.407 GC heap after
{Heap after GC invocations=15 (full 0):
 garbage-first heap   total 89088K, used 41987K [0x0000000080000000, 0x0000000100000000)
  region size 1024K, 4 young (4096K), 4 survivors (4096K)
 Metaspace       used 50663K, committed 51264K, reserved 491520K
  class space    used 7130K, committed 7424K, reserved 425984K
}
Event: 15.458 GC heap before
{Heap before GC invocations=15 (full 0):
 garbage-first heap   total 89088K, used 71683K [0x0000000080000000, 0x0000000100000000)
  region size 1024K, 33 young (33792K), 4 survivors (4096K)
 Metaspace       used 52891K, committed 53504K, reserved 491520K
  class space    used 7481K, committed 7744K, reserved 425984K
}
Event: 15.468 GC heap after
{Heap after GC invocations=16 (full 0):
 garbage-first heap   total 89088K, used 44829K [0x0000000080000000, 0x0000000100000000)
  region size 1024K, 5 young (5120K), 5 survivors (5120K)
 Metaspace       used 52891K, committed 53504K, reserved 491520K
  class space    used 7481K, committed 7744K, reserved 425984K
}
Event: 17.852 GC heap before
{Heap before GC invocations=16 (full 0):
 garbage-first heap   total 89088K, used 71453K [0x0000000080000000, 0x0000000100000000)
  region size 1024K, 32 young (32768K), 5 survivors (5120K)
 Metaspace       used 53852K, committed 54528K, reserved 491520K
  class space    used 7564K, committed 7872K, reserved 425984K
}
Event: 17.860 GC heap after
{Heap after GC invocations=17 (full 0):
 garbage-first heap   total 89088K, used 48086K [0x0000000080000000, 0x0000000100000000)
  region size 1024K, 4 young (4096K), 4 survivors (4096K)
 Metaspace       used 53852K, committed 54528K, reserved 491520K
  class space    used 7564K, committed 7872K, reserved 425984K
}
Event: 18.172 GC heap before
{Heap before GC invocations=18 (full 0):
 garbage-first heap   total 89088K, used 59350K [0x0000000080000000, 0x0000000100000000)
  region size 1024K, 12 young (12288K), 4 survivors (4096K)
 Metaspace       used 54070K, committed 54784K, reserved 491520K
  class space    used 7606K, committed 7936K, reserved 425984K
}
Event: 18.178 GC heap after
{Heap after GC invocations=19 (full 0):
 garbage-first heap   total 89088K, used 55269K [0x0000000080000000, 0x0000000100000000)
  region size 1024K, 2 young (2048K), 2 survivors (2048K)
 Metaspace       used 54070K, committed 54784K, reserved 491520K
  class space    used 7606K, committed 7936K, reserved 425984K
}
Event: 18.514 GC heap before
{Heap before GC invocations=20 (full 0):
 garbage-first heap   total 102400K, used 70629K [0x0000000080000000, 0x0000000100000000)
  region size 1024K, 15 young (15360K), 2 survivors (2048K)
 Metaspace       used 54903K, committed 55552K, reserved 491520K
  class space    used 7728K, committed 8000K, reserved 425984K
}
Event: 18.517 GC heap after
{Heap after GC invocations=21 (full 0):
 garbage-first heap   total 102400K, used 58029K [0x0000000080000000, 0x0000000100000000)
  region size 1024K, 1 young (1024K), 1 survivors (1024K)
 Metaspace       used 54903K, committed 55552K, reserved 491520K
  class space    used 7728K, committed 8000K, reserved 425984K
}
Event: 18.597 GC heap before
{Heap before GC invocations=21 (full 0):
 garbage-first heap   total 102400K, used 62125K [0x0000000080000000, 0x0000000100000000)
  region size 1024K, 5 young (5120K), 1 survivors (1024K)
 Metaspace       used 55540K, committed 56256K, reserved 491520K
  class space    used 7803K, committed 8128K, reserved 425984K
}
Event: 18.599 GC heap after
{Heap after GC invocations=22 (full 0):
 garbage-first heap   total 102400K, used 57725K [0x0000000080000000, 0x0000000100000000)
  region size 1024K, 1 young (1024K), 1 survivors (1024K)
 Metaspace       used 55540K, committed 56256K, reserved 491520K
  class space    used 7803K, committed 8128K, reserved 425984K
}
Event: 19.291 GC heap before
{Heap before GC invocations=22 (full 0):
 garbage-first heap   total 102400K, used 78205K [0x0000000080000000, 0x0000000100000000)
  region size 1024K, 21 young (21504K), 1 survivors (1024K)
 Metaspace       used 57412K, committed 58048K, reserved 491520K
  class space    used 8061K, committed 8384K, reserved 425984K
}
Event: 19.294 GC heap after
{Heap after GC invocations=23 (full 0):
 garbage-first heap   total 102400K, used 58717K [0x0000000080000000, 0x0000000100000000)
  region size 1024K, 2 young (2048K), 2 survivors (2048K)
 Metaspace       used 57412K, committed 58048K, reserved 491520K
  class space    used 8061K, committed 8384K, reserved 425984K
}
Event: 19.638 GC heap before
{Heap before GC invocations=24 (full 0):
 garbage-first heap   total 104448K, used 79197K [0x0000000080000000, 0x0000000100000000)
  region size 1024K, 22 young (22528K), 2 survivors (2048K)
 Metaspace       used 58736K, committed 59456K, reserved 491520K
  class space    used 8234K, committed 8576K, reserved 425984K
}
Event: 19.641 GC heap after
{Heap after GC invocations=25 (full 0):
 garbage-first heap   total 104448K, used 59480K [0x0000000080000000, 0x0000000100000000)
  region size 1024K, 2 young (2048K), 2 survivors (2048K)
 Metaspace       used 58736K, committed 59456K, reserved 491520K
  class space    used 8234K, committed 8576K, reserved 425984K
}
Event: 19.684 GC heap before
{Heap before GC invocations=25 (full 0):
 garbage-first heap   total 104448K, used 61528K [0x0000000080000000, 0x0000000100000000)
  region size 1024K, 5 young (5120K), 2 survivors (2048K)
 Metaspace       used 58950K, committed 59648K, reserved 491520K
  class space    used 8257K, committed 8576K, reserved 425984K
}
Event: 19.688 GC heap after
{Heap after GC invocations=26 (full 0):
 garbage-first heap   total 104448K, used 59069K [0x0000000080000000, 0x0000000100000000)
  region size 1024K, 1 young (1024K), 1 survivors (1024K)
 Metaspace       used 58950K, committed 59648K, reserved 491520K
  class space    used 8257K, committed 8576K, reserved 425984K
}
Event: 20.172 GC heap before
{Heap before GC invocations=26 (full 0):
 garbage-first heap   total 104448K, used 81597K [0x0000000080000000, 0x0000000100000000)
  region size 1024K, 23 young (23552K), 1 survivors (1024K)
 Metaspace       used 61117K, committed 61824K, reserved 491520K
  class space    used 8622K, committed 8960K, reserved 425984K
}

