# JRE version: OpenJDK Runtime Environment Temurin-21.0.5+11 (21.0.5+11) (build 21.0.5+11-LTS)
# Java VM: OpenJDK 64-Bit Server VM Temurin-21.0.5+11 (21.0.5+11-LTS, mixed mode, sharing, tiered, compressed oops, compressed class ptrs, parallel gc, windows-amd64)
GC Precious Log:
 CardTable entry size: 512
 CPUs: 8 total, 8 available
 Memory: 7998M
 Large Page Support: Disabled
 NUMA Support: Disabled
 Compressed Oops: Enabled (32-bit)
 Alignments: Space 512K, Generation 512K, Heap 2M
 Heap Min Capacity: 100M
 Heap Initial Capacity: 100M
 Heap Max Capacity: 1G
 Pre-touch: Disabled
 Parallel Workers: 8
Heap:
 PSYoungGen      total 2560K, used 2183K [0x00000000eab00000, 0x00000000eaf00000, 0x0000000100000000)
  eden space 1024K, 100% used [0x00000000eab00000,0x00000000eac00000,0x00000000eac00000)
  from space 1536K, 75% used [0x00000000eac00000,0x00000000ead21fa0,0x00000000ead80000)
  to   space 1536K, 60% used [0x00000000ead80000,0x00000000eae68000,0x00000000eaf00000)
 ParOldGen       total 382976K, used 382605K [0x00000000c0000000, 0x00000000d7600000, 0x00000000eab00000)
  object space 382976K, 99% used [0x00000000c0000000,0x00000000d75a3770,0x00000000d7600000)
 Metaspace       used 66170K, committed 67648K, reserved 1114112K
  class space    used 7469K, committed 8128K, reserved 1048576K
GC Heap History (20 events):
Event: 34.280 GC heap before
{Heap before GC invocations=291 (full 3):
 PSYoungGen      total 2560K, used 2145K [0x00000000eab00000, 0x00000000eaf00000, 0x0000000100000000)
  eden space 1024K, 98% used [0x00000000eab00000,0x00000000eabfb470,0x00000000eac00000)
  from space 1536K, 74% used [0x00000000eac00000,0x00000000ead1cfd0,0x00000000ead80000)
  to   space 1536K, 0% used [0x00000000ead80000,0x00000000ead80000,0x00000000eaf00000)
 ParOldGen       total 370176K, used 369992K [0x00000000c0000000, 0x00000000d6980000, 0x00000000eab00000)
  object space 370176K, 99% used [0x00000000c0000000,0x00000000d6952178,0x00000000d6980000)
 Metaspace       used 66147K, committed 67584K, reserved 1114112K
  class space    used 7469K, committed 8128K, reserved 1048576K
}
Event: 34.283 GC heap after
{Heap after GC invocations=291 (full 3):
 PSYoungGen      total 2560K, used 1127K [0x00000000eab00000, 0x00000000eaf00000, 0x0000000100000000)
  eden space 1024K, 0% used [0x00000000eab00000,0x00000000eab00000,0x00000000eac00000)
  from space 1536K, 73% used [0x00000000ead80000,0x00000000eae99fa0,0x00000000eaf00000)
  to   space 1536K, 0% used [0x00000000eac00000,0x00000000eac00000,0x00000000ead80000)
 ParOldGen       total 371200K, used 371030K [0x00000000c0000000, 0x00000000d6a80000, 0x00000000eab00000)
  object space 371200K, 99% used [0x00000000c0000000,0x00000000d6a55be8,0x00000000d6a80000)
 Metaspace       used 66147K, committed 67584K, reserved 1114112K
  class space    used 7469K, committed 8128K, reserved 1048576K
}
Event: 34.299 GC heap before
{Heap before GC invocations=292 (full 3):
 PSYoungGen      total 2560K, used 2074K [0x00000000eab00000, 0x00000000eaf00000, 0x0000000100000000)
  eden space 1024K, 92% used [0x00000000eab00000,0x00000000eabeca48,0x00000000eac00000)
  from space 1536K, 73% used [0x00000000ead80000,0x00000000eae99fa0,0x00000000eaf00000)
  to   space 1536K, 0% used [0x00000000eac00000,0x00000000eac00000,0x00000000ead80000)
 ParOldGen       total 371200K, used 371030K [0x00000000c0000000, 0x00000000d6a80000, 0x00000000eab00000)
  object space 371200K, 99% used [0x00000000c0000000,0x00000000d6a55be8,0x00000000d6a80000)
 Metaspace       used 66147K, committed 67584K, reserved 1114112K
  class space    used 7469K, committed 8128K, reserved 1048576K
}
Event: 34.303 GC heap after
{Heap after GC invocations=292 (full 3):
 PSYoungGen      total 2560K, used 1063K [0x00000000eab00000, 0x00000000eaf00000, 0x0000000100000000)
  eden space 1024K, 0% used [0x00000000eab00000,0x00000000eab00000,0x00000000eac00000)
  from space 1536K, 69% used [0x00000000eac00000,0x00000000ead09eb8,0x00000000ead80000)
  to   space 1536K, 0% used [0x00000000ead80000,0x00000000ead80000,0x00000000eaf00000)
 ParOldGen       total 372224K, used 372050K [0x00000000c0000000, 0x00000000d6b80000, 0x00000000eab00000)
  object space 372224K, 99% used [0x00000000c0000000,0x00000000d6b54ab0,0x00000000d6b80000)
 Metaspace       used 66147K, committed 67584K, reserved 1114112K
  class space    used 7469K, committed 8128K, reserved 1048576K
}
Event: 34.325 GC heap before
{Heap before GC invocations=293 (full 3):
 PSYoungGen      total 2560K, used 2001K [0x00000000eab00000, 0x00000000eaf00000, 0x0000000100000000)
  eden space 1024K, 91% used [0x00000000eab00000,0x00000000eabea6a0,0x00000000eac00000)
  from space 1536K, 69% used [0x00000000eac00000,0x00000000ead09eb8,0x00000000ead80000)
  to   space 1536K, 0% used [0x00000000ead80000,0x00000000ead80000,0x00000000eaf00000)
 ParOldGen       total 372224K, used 372050K [0x00000000c0000000, 0x00000000d6b80000, 0x00000000eab00000)
  object space 372224K, 99% used [0x00000000c0000000,0x00000000d6b54ab0,0x00000000d6b80000)
 Metaspace       used 66147K, committed 67584K, reserved 1114112K
  class space    used 7469K, committed 8128K, reserved 1048576K
}
Event: 34.328 GC heap after
{Heap after GC invocations=293 (full 3):
 PSYoungGen      total 2560K, used 1071K [0x00000000eab00000, 0x00000000eaf00000, 0x0000000100000000)
  eden space 1024K, 0% used [0x00000000eab00000,0x00000000eab00000,0x00000000eac00000)
  from space 1536K, 69% used [0x00000000ead80000,0x00000000eae8be58,0x00000000eaf00000)
  to   space 1536K, 0% used [0x00000000eac00000,0x00000000eac00000,0x00000000ead80000)
 ParOldGen       total 373248K, used 373025K [0x00000000c0000000, 0x00000000d6c80000, 0x00000000eab00000)
  object space 373248K, 99% used [0x00000000c0000000,0x00000000d6c48400,0x00000000d6c80000)
 Metaspace       used 66147K, committed 67584K, reserved 1114112K
  class space    used 7469K, committed 8128K, reserved 1048576K
}
Event: 34.347 GC heap before
{Heap before GC invocations=294 (full 3):
 PSYoungGen      total 2560K, used 2095K [0x00000000eab00000, 0x00000000eaf00000, 0x0000000100000000)
  eden space 1024K, 100% used [0x00000000eab00000,0x00000000eac00000,0x00000000eac00000)
  from space 1536K, 69% used [0x00000000ead80000,0x00000000eae8be58,0x00000000eaf00000)
  to   space 1536K, 0% used [0x00000000eac00000,0x00000000eac00000,0x00000000ead80000)
 ParOldGen       total 373248K, used 373025K [0x00000000c0000000, 0x00000000d6c80000, 0x00000000eab00000)
  object space 373248K, 99% used [0x00000000c0000000,0x00000000d6c48400,0x00000000d6c80000)
 Metaspace       used 66147K, committed 67584K, reserved 1114112K
  class space    used 7469K, committed 8128K, reserved 1048576K
}
Event: 34.350 GC heap after
{Heap after GC invocations=294 (full 3):
 PSYoungGen      total 2560K, used 1158K [0x00000000eab00000, 0x00000000eaf00000, 0x0000000100000000)
  eden space 1024K, 0% used [0x00000000eab00000,0x00000000eab00000,0x00000000eac00000)
  from space 1536K, 75% used [0x00000000eac00000,0x00000000ead21b60,0x00000000ead80000)
  to   space 1536K, 0% used [0x00000000ead80000,0x00000000ead80000,0x00000000eaf00000)
 ParOldGen       total 374272K, used 373989K [0x00000000c0000000, 0x00000000d6d80000, 0x00000000eab00000)
  object space 374272K, 99% used [0x00000000c0000000,0x00000000d6d397a8,0x00000000d6d80000)
 Metaspace       used 66147K, committed 67584K, reserved 1114112K
  class space    used 7469K, committed 8128K, reserved 1048576K
}
Event: 34.366 GC heap before
{Heap before GC invocations=295 (full 3):
 PSYoungGen      total 2560K, used 2080K [0x00000000eab00000, 0x00000000eaf00000, 0x0000000100000000)
  eden space 1024K, 90% used [0x00000000eab00000,0x00000000eabe6878,0x00000000eac00000)
  from space 1536K, 75% used [0x00000000eac00000,0x00000000ead21b60,0x00000000ead80000)
  to   space 1536K, 0% used [0x00000000ead80000,0x00000000ead80000,0x00000000eaf00000)
 ParOldGen       total 374272K, used 373989K [0x00000000c0000000, 0x00000000d6d80000, 0x00000000eab00000)
  object space 374272K, 99% used [0x00000000c0000000,0x00000000d6d397a8,0x00000000d6d80000)
 Metaspace       used 66147K, committed 67584K, reserved 1114112K
  class space    used 7469K, committed 8128K, reserved 1048576K
}
Event: 34.369 GC heap after
{Heap after GC invocations=295 (full 3):
 PSYoungGen      total 2560K, used 1015K [0x00000000eab00000, 0x00000000eaf00000, 0x0000000100000000)
  eden space 1024K, 0% used [0x00000000eab00000,0x00000000eab00000,0x00000000eac00000)
  from space 1536K, 66% used [0x00000000ead80000,0x00000000eae7dfa0,0x00000000eaf00000)
  to   space 1536K, 0% used [0x00000000eac00000,0x00000000eac00000,0x00000000ead80000)
 ParOldGen       total 375296K, used 375042K [0x00000000c0000000, 0x00000000d6e80000, 0x00000000eab00000)
  object space 375296K, 99% used [0x00000000c0000000,0x00000000d6e40820,0x00000000d6e80000)
 Metaspace       used 66147K, committed 67584K, reserved 1114112K
  class space    used 7469K, committed 8128K, reserved 1048576K
}
Event: 34.399 GC heap before
{Heap before GC invocations=296 (full 3):
 PSYoungGen      total 2560K, used 2039K [0x00000000eab00000, 0x00000000eaf00000, 0x0000000100000000)
  eden space 1024K, 99% used [0x00000000eab00000,0x00000000eabfffc8,0x00000000eac00000)
  from space 1536K, 66% used [0x00000000ead80000,0x00000000eae7dfa0,0x00000000eaf00000)
  to   space 1536K, 0% used [0x00000000eac00000,0x00000000eac00000,0x00000000ead80000)
 ParOldGen       total 375296K, used 375042K [0x00000000c0000000, 0x00000000d6e80000, 0x00000000eab00000)
  object space 375296K, 99% used [0x00000000c0000000,0x00000000d6e40820,0x00000000d6e80000)
 Metaspace       used 66147K, committed 67584K, reserved 1114112K
  class space    used 7469K, committed 8128K, reserved 1048576K
}
Event: 34.402 GC heap after
{Heap after GC invocations=296 (full 3):
 PSYoungGen      total 2560K, used 1175K [0x00000000eab00000, 0x00000000eaf00000, 0x0000000100000000)
  eden space 1024K, 0% used [0x00000000eab00000,0x00000000eab00000,0x00000000eac00000)
  from space 1536K, 76% used [0x00000000eac00000,0x00000000ead25fa0,0x00000000ead80000)
  to   space 1536K, 0% used [0x00000000ead80000,0x00000000ead80000,0x00000000eaf00000)
 ParOldGen       total 376320K, used 375955K [0x00000000c0000000, 0x00000000d6f80000, 0x00000000eab00000)
  object space 376320K, 99% used [0x00000000c0000000,0x00000000d6f24cd0,0x00000000d6f80000)
 Metaspace       used 66147K, committed 67584K, reserved 1114112K
  class space    used 7469K, committed 8128K, reserved 1048576K
}
Event: 34.433 GC heap before
{Heap before GC invocations=297 (full 3):
 PSYoungGen      total 2560K, used 2199K [0x00000000eab00000, 0x00000000eaf00000, 0x0000000100000000)
  eden space 1024K, 99% used [0x00000000eab00000,0x00000000eabfffd8,0x00000000eac00000)
  from space 1536K, 76% used [0x00000000eac00000,0x00000000ead25fa0,0x00000000ead80000)
  to   space 1536K, 0% used [0x00000000ead80000,0x00000000ead80000,0x00000000eaf00000)
 ParOldGen       total 376320K, used 375955K [0x00000000c0000000, 0x00000000d6f80000, 0x00000000eab00000)
  object space 376320K, 99% used [0x00000000c0000000,0x00000000d6f24cd0,0x00000000d6f80000)
 Metaspace       used 66147K, committed 67584K, reserved 1114112K
  class space    used 7469K, committed 8128K, reserved 1048576K
}
Event: 34.437 GC heap after
{Heap after GC invocations=297 (full 3):
 PSYoungGen      total 2560K, used 1139K [0x00000000eab00000, 0x00000000eaf00000, 0x0000000100000000)
  eden space 1024K, 0% used [0x00000000eab00000,0x00000000eab00000,0x00000000eac00000)
  from space 1536K, 74% used [0x00000000ead80000,0x00000000eae9cfd0,0x00000000eaf00000)
  to   space 1536K, 0% used [0x00000000eac00000,0x00000000eac00000,0x00000000ead80000)
 ParOldGen       total 377344K, used 377003K [0x00000000c0000000, 0x00000000d7080000, 0x00000000eab00000)
  object space 377344K, 99% used [0x00000000c0000000,0x00000000d702ac28,0x00000000d7080000)
 Metaspace       used 66147K, committed 67584K, reserved 1114112K
  class space    used 7469K, committed 8128K, reserved 1048576K
}
Event: 34.470 GC heap before
{Heap before GC invocations=298 (full 3):
 PSYoungGen      total 2560K, used 2149K [0x00000000eab00000, 0x00000000eaf00000, 0x0000000100000000)
  eden space 1024K, 98% used [0x00000000eab00000,0x00000000eabfc570,0x00000000eac00000)
  from space 1536K, 74% used [0x00000000ead80000,0x00000000eae9cfd0,0x00000000eaf00000)
  to   space 1536K, 0% used [0x00000000eac00000,0x00000000eac00000,0x00000000ead80000)
 ParOldGen       total 377344K, used 377003K [0x00000000c0000000, 0x00000000d7080000, 0x00000000eab00000)
  object space 377344K, 99% used [0x00000000c0000000,0x00000000d702ac28,0x00000000d7080000)
 Metaspace       used 66147K, committed 67584K, reserved 1114112K
  class space    used 7469K, committed 8128K, reserved 1048576K
}
Event: 34.473 GC heap after
{Heap after GC invocations=298 (full 3):
 PSYoungGen      total 2560K, used 1159K [0x00000000eab00000, 0x00000000eaf00000, 0x0000000100000000)
  eden space 1024K, 0% used [0x00000000eab00000,0x00000000eab00000,0x00000000eac00000)
  from space 1536K, 75% used [0x00000000eac00000,0x00000000ead21fa0,0x00000000ead80000)
  to   space 1536K, 0% used [0x00000000ead80000,0x00000000ead80000,0x00000000eaf00000)
 ParOldGen       total 378368K, used 378044K [0x00000000c0000000, 0x00000000d7180000, 0x00000000eab00000)
  object space 378368K, 99% used [0x00000000c0000000,0x00000000d712f138,0x00000000d7180000)
 Metaspace       used 66147K, committed 67584K, reserved 1114112K
  class space    used 7469K, committed 8128K, reserved 1048576K
}
Event: 34.499 GC heap before
{Heap before GC invocations=299 (full 3):
 PSYoungGen      total 2560K, used 2183K [0x00000000eab00000, 0x00000000eaf00000, 0x0000000100000000)
  eden space 1024K, 99% used [0x00000000eab00000,0x00000000eabffe20,0x00000000eac00000)
  from space 1536K, 75% used [0x00000000eac00000,0x00000000ead21fa0,0x00000000ead80000)
  to   space 1536K, 0% used [0x00000000ead80000,0x00000000ead80000,0x00000000eaf00000)
 ParOldGen       total 378368K, used 378044K [0x00000000c0000000, 0x00000000d7180000, 0x00000000eab00000)
  object space 378368K, 99% used [0x00000000c0000000,0x00000000d712f138,0x00000000d7180000)
 Metaspace       used 66147K, committed 67584K, reserved 1114112K
  class space    used 7469K, committed 8128K, reserved 1048576K
}
Event: 34.504 GC heap after
{Heap after GC invocations=299 (full 3):
 PSYoungGen      total 2560K, used 1147K [0x00000000eab00000, 0x00000000eaf00000, 0x0000000100000000)
  eden space 1024K, 0% used [0x00000000eab00000,0x00000000eab00000,0x00000000eac00000)
  from space 1536K, 74% used [0x00000000ead80000,0x00000000eae9ed50,0x00000000eaf00000)
  to   space 1536K, 0% used [0x00000000eac00000,0x00000000eac00000,0x00000000ead80000)
 ParOldGen       total 379392K, used 379065K [0x00000000c0000000, 0x00000000d7280000, 0x00000000eab00000)
  object space 379392K, 99% used [0x00000000c0000000,0x00000000d722e5b8,0x00000000d7280000)
 Metaspace       used 66147K, committed 67584K, reserved 1114112K
  class space    used 7469K, committed 8128K, reserved 1048576K
}
Event: 34.551 GC heap before
{Heap before GC invocations=300 (full 3):
 PSYoungGen      total 2560K, used 2171K [0x00000000eab00000, 0x00000000eaf00000, 0x0000000100000000)
  eden space 1024K, 100% used [0x00000000eab00000,0x00000000eac00000,0x00000000eac00000)
  from space 1536K, 74% used [0x00000000ead80000,0x00000000eae9ed50,0x00000000eaf00000)
  to   space 1536K, 0% used [0x00000000eac00000,0x00000000eac00000,0x00000000ead80000)
 ParOldGen       total 381440K, used 380577K [0x00000000c0000000, 0x00000000d7480000, 0x00000000eab00000)
  object space 381440K, 99% used [0x00000000c0000000,0x00000000d73a85b8,0x00000000d7480000)
 Metaspace       used 66165K, committed 67648K, reserved 1114112K
  class space    used 7469K, committed 8128K, reserved 1048576K
}
Event: 34.555 GC heap after
{Heap after GC invocations=300 (full 3):
 PSYoungGen      total 2560K, used 1159K [0x00000000eab00000, 0x00000000eaf00000, 0x0000000100000000)
  eden space 1024K, 0% used [0x00000000eab00000,0x00000000eab00000,0x00000000eac00000)
  from space 1536K, 75% used [0x00000000eac00000,0x00000000ead21fa0,0x00000000ead80000)
  to   space 1536K, 0% used [0x00000000ead80000,0x00000000ead80000,0x00000000eaf00000)
 ParOldGen       total 381952K, used 381624K [0x00000000c0000000, 0x00000000d7500000, 0x00000000eab00000)
  object space 381952K, 99% used [0x00000000c0000000,0x00000000d74ae2f0,0x00000000d7500000)
 Metaspace       used 66165K, committed 67648K, reserved 1114112K
  class space    used 7469K, committed 8128K, reserved 1048576K
}

