# JRE version: OpenJDK Runtime Environment Microsoft-10376486 (17.0.13+11) (build 17.0.13+11-LTS)
# Java VM: OpenJDK 64-Bit Server VM Microsoft-10376486 (17.0.13+11-LTS, mixed mode, sharing, tiered, compressed oops, compressed class ptrs, g1 gc, windows-amd64)
GC Precious Log:
 CPUs: 8 total, 8 available
 Memory: 7998M
 Large Page Support: Disabled
 NUMA Support: Disabled
 Compressed Oops: Enabled (32-bit)
 Heap Region Size: 1M
 Heap Min Capacity: 8M
 Heap Initial Capacity: 126M
 Heap Max Capacity: 2G
 Pre-touch: Disabled
 Parallel Workers: 8
 Concurrent Workers: 2
 Concurrent Refinement Workers: 8
 Periodic GC: Disabled
Heap:
 garbage-first heap   total 184320K, used 64038K [0x0000000080000000, 0x0000000100000000)
  region size 1024K, 17 young (17408K), 2 survivors (2048K)
 Metaspace       used 61928K, committed 62656K, reserved 491520K
  class space    used 8717K, committed 9088K, reserved 425984K
GC Heap History (20 events):
Event: 6758.456 GC heap before
{Heap before GC invocations=26 (full 0):
 garbage-first heap   total 92160K, used 45220K [0x0000000080000000, 0x0000000100000000)
  region size 1024K, 4 young (4096K), 1 survivors (1024K)
 Metaspace       used 50461K, committed 51520K, reserved 491520K
  class space    used 6984K, committed 7360K, reserved 425984K
}
Event: 6758.480 GC heap after
{Heap after GC invocations=27 (full 0):
 garbage-first heap   total 92160K, used 41089K [0x0000000080000000, 0x0000000100000000)
  region size 1024K, 1 young (1024K), 1 survivors (1024K)
 Metaspace       used 50461K, committed 51520K, reserved 491520K
  class space    used 6984K, committed 7360K, reserved 425984K
}
Event: 6902.460 GC heap before
{Heap before GC invocations=27 (full 0):
 garbage-first heap   total 92160K, used 44161K [0x0000000080000000, 0x0000000100000000)
  region size 1024K, 4 young (4096K), 1 survivors (1024K)
 Metaspace       used 50461K, committed 51520K, reserved 491520K
  class space    used 6984K, committed 7360K, reserved 425984K
}
Event: 6902.493 GC heap after
{Heap after GC invocations=28 (full 0):
 garbage-first heap   total 92160K, used 40249K [0x0000000080000000, 0x0000000100000000)
  region size 1024K, 1 young (1024K), 1 survivors (1024K)
 Metaspace       used 50461K, committed 51520K, reserved 491520K
  class space    used 6984K, committed 7360K, reserved 425984K
}
Event: 7045.184 GC heap before
{Heap before GC invocations=28 (full 0):
 garbage-first heap   total 92160K, used 43321K [0x0000000080000000, 0x0000000100000000)
  region size 1024K, 4 young (4096K), 1 survivors (1024K)
 Metaspace       used 50461K, committed 51520K, reserved 491520K
  class space    used 6984K, committed 7360K, reserved 425984K
}
Event: 7045.212 GC heap after
{Heap after GC invocations=29 (full 0):
 garbage-first heap   total 92160K, used 39234K [0x0000000080000000, 0x0000000100000000)
  region size 1024K, 1 young (1024K), 1 survivors (1024K)
 Metaspace       used 50461K, committed 51520K, reserved 491520K
  class space    used 6984K, committed 7360K, reserved 425984K
}
Event: 8809.719 GC heap before
{Heap before GC invocations=29 (full 0):
 garbage-first heap   total 92160K, used 78146K [0x0000000080000000, 0x0000000100000000)
  region size 1024K, 39 young (39936K), 1 survivors (1024K)
 Metaspace       used 50505K, committed 51520K, reserved 491520K
  class space    used 6990K, committed 7360K, reserved 425984K
}
Event: 8809.730 GC heap after
{Heap after GC invocations=30 (full 0):
 garbage-first heap   total 92160K, used 39401K [0x0000000080000000, 0x0000000100000000)
  region size 1024K, 1 young (1024K), 1 survivors (1024K)
 Metaspace       used 50505K, committed 51520K, reserved 491520K
  class space    used 6990K, committed 7360K, reserved 425984K
}
Event: 8811.989 GC heap before
{Heap before GC invocations=30 (full 0):
 garbage-first heap   total 92160K, used 77289K [0x0000000080000000, 0x0000000100000000)
  region size 1024K, 39 young (39936K), 1 survivors (1024K)
 Metaspace       used 51614K, committed 52224K, reserved 491520K
  class space    used 7173K, committed 7424K, reserved 425984K
}
Event: 8812.027 GC heap after
{Heap after GC invocations=31 (full 0):
 garbage-first heap   total 92160K, used 43735K [0x0000000080000000, 0x0000000100000000)
  region size 1024K, 5 young (5120K), 5 survivors (5120K)
 Metaspace       used 51614K, committed 52224K, reserved 491520K
  class space    used 7173K, committed 7424K, reserved 425984K
}
Event: 8812.670 GC heap before
{Heap before GC invocations=31 (full 0):
 garbage-first heap   total 92160K, used 75479K [0x0000000080000000, 0x0000000100000000)
  region size 1024K, 36 young (36864K), 5 survivors (5120K)
 Metaspace       used 52827K, committed 53376K, reserved 491520K
  class space    used 7367K, committed 7616K, reserved 425984K
}
Event: 8812.718 GC heap after
{Heap after GC invocations=32 (full 0):
 garbage-first heap   total 92160K, used 45767K [0x0000000080000000, 0x0000000100000000)
  region size 1024K, 2 young (2048K), 2 survivors (2048K)
 Metaspace       used 52827K, committed 53376K, reserved 491520K
  class space    used 7367K, committed 7616K, reserved 425984K
}
Event: 8813.900 GC heap before
{Heap before GC invocations=32 (full 0):
 garbage-first heap   total 92160K, used 76487K [0x0000000080000000, 0x0000000100000000)
  region size 1024K, 33 young (33792K), 2 survivors (2048K)
 Metaspace       used 55815K, committed 56448K, reserved 491520K
  class space    used 7845K, committed 8128K, reserved 425984K
}
Event: 8813.905 GC heap after
{Heap after GC invocations=33 (full 0):
 garbage-first heap   total 92160K, used 46607K [0x0000000080000000, 0x0000000100000000)
  region size 1024K, 3 young (3072K), 3 survivors (3072K)
 Metaspace       used 55815K, committed 56448K, reserved 491520K
  class space    used 7845K, committed 8128K, reserved 425984K
}
Event: 8815.074 GC heap before
{Heap before GC invocations=34 (full 0):
 garbage-first heap   total 92160K, used 77327K [0x0000000080000000, 0x0000000100000000)
  region size 1024K, 33 young (33792K), 3 survivors (3072K)
 Metaspace       used 58639K, committed 59328K, reserved 491520K
  class space    used 8266K, committed 8640K, reserved 425984K
}
Event: 8815.088 GC heap after
{Heap after GC invocations=35 (full 0):
 garbage-first heap   total 92160K, used 48567K [0x0000000080000000, 0x0000000100000000)
  region size 1024K, 4 young (4096K), 4 survivors (4096K)
 Metaspace       used 58639K, committed 59328K, reserved 491520K
  class space    used 8266K, committed 8640K, reserved 425984K
}
Event: 8815.113 GC heap before
{Heap before GC invocations=35 (full 0):
 garbage-first heap   total 92160K, used 49591K [0x0000000080000000, 0x0000000100000000)
  region size 1024K, 5 young (5120K), 4 survivors (4096K)
 Metaspace       used 58776K, committed 59456K, reserved 491520K
  class space    used 8278K, committed 8640K, reserved 425984K
}
Event: 8815.126 GC heap after
{Heap after GC invocations=36 (full 0):
 garbage-first heap   total 92160K, used 48372K [0x0000000080000000, 0x0000000100000000)
  region size 1024K, 1 young (1024K), 1 survivors (1024K)
 Metaspace       used 58776K, committed 59456K, reserved 491520K
  class space    used 8278K, committed 8640K, reserved 425984K
}
Event: 8816.006 GC heap before
{Heap before GC invocations=36 (full 0):
 garbage-first heap   total 92160K, used 77044K [0x0000000080000000, 0x0000000100000000)
  region size 1024K, 29 young (29696K), 1 survivors (1024K)
 Metaspace       used 61912K, committed 62656K, reserved 491520K
  class space    used 8715K, committed 9088K, reserved 425984K
}
Event: 8816.012 GC heap after
{Heap after GC invocations=37 (full 0):
 garbage-first heap   total 184320K, used 49702K [0x0000000080000000, 0x0000000100000000)
  region size 1024K, 2 young (2048K), 2 survivors (2048K)
 Metaspace       used 61912K, committed 62656K, reserved 491520K
  class space    used 8715K, committed 9088K, reserved 425984K
}

