# JRE version: OpenJDK Runtime Environment Microsoft-10376486 (17.0.13+11) (build 17.0.13+11-LTS)
# Java VM: OpenJDK 64-Bit Server VM Microsoft-10376486 (17.0.13+11-LTS, mixed mode, sharing, tiered, compressed oops, compressed class ptrs, g1 gc, windows-amd64)
GC Precious Log:
 CPUs: 8 total, 8 available
 Memory: 7998M
 Large Page Support: Disabled
 NUMA Support: Disabled
 Compressed Oops: Enabled (32-bit)
 Heap Region Size: 1M
 Heap Min Capacity: 8M
 Heap Initial Capacity: 126M
 Heap Max Capacity: 2G
 Pre-touch: Disabled
 Parallel Workers: 8
 Concurrent Workers: 2
 Concurrent Refinement Workers: 8
 Periodic GC: Disabled
Heap:
 garbage-first heap   total 89088K, used 67567K [0x0000000080000000, 0x0000000100000000)
  region size 1024K, 33 young (33792K), 5 survivors (5120K)
 Metaspace       used 40858K, committed 41408K, reserved 491520K
  class space    used 5706K, committed 5952K, reserved 425984K
GC Heap History (20 events):
Event: 0.737 GC heap before
{Heap before GC invocations=0 (full 0):
 garbage-first heap   total 129024K, used 22528K [0x0000000080000000, 0x0000000100000000)
  region size 1024K, 23 young (23552K), 0 survivors (0K)
 Metaspace       used 1098K, committed 1216K, reserved 491520K
  class space    used 73K, committed 128K, reserved 425984K
}
Event: 0.741 GC heap after
{Heap after GC invocations=1 (full 0):
 garbage-first heap   total 129024K, used 4611K [0x0000000080000000, 0x0000000100000000)
  region size 1024K, 3 young (3072K), 3 survivors (3072K)
 Metaspace       used 1098K, committed 1216K, reserved 491520K
  class space    used 73K, committed 128K, reserved 425984K
}
Event: 1.862 GC heap before
{Heap before GC invocations=1 (full 0):
 garbage-first heap   total 129024K, used 41475K [0x0000000080000000, 0x0000000100000000)
  region size 1024K, 35 young (35840K), 3 survivors (3072K)
 Metaspace       used 4374K, committed 4544K, reserved 491520K
  class space    used 541K, committed 640K, reserved 425984K
}
Event: 1.870 GC heap after
{Heap after GC invocations=2 (full 0):
 garbage-first heap   total 129024K, used 11973K [0x0000000080000000, 0x0000000100000000)
  region size 1024K, 5 young (5120K), 5 survivors (5120K)
 Metaspace       used 4374K, committed 4544K, reserved 491520K
  class space    used 541K, committed 640K, reserved 425984K
}
Event: 2.565 GC heap before
{Heap before GC invocations=2 (full 0):
 garbage-first heap   total 129024K, used 59077K [0x0000000080000000, 0x0000000100000000)
  region size 1024K, 49 young (50176K), 5 survivors (5120K)
 Metaspace       used 4651K, committed 4864K, reserved 491520K
  class space    used 583K, committed 704K, reserved 425984K
}
Event: 2.574 GC heap after
{Heap after GC invocations=3 (full 0):
 garbage-first heap   total 129024K, used 17145K [0x0000000080000000, 0x0000000100000000)
  region size 1024K, 7 young (7168K), 7 survivors (7168K)
 Metaspace       used 4651K, committed 4864K, reserved 491520K
  class space    used 583K, committed 704K, reserved 425984K
}
Event: 4.706 GC heap before
{Heap before GC invocations=3 (full 0):
 garbage-first heap   total 129024K, used 86777K [0x0000000080000000, 0x0000000100000000)
  region size 1024K, 75 young (76800K), 7 survivors (7168K)
 Metaspace       used 17034K, committed 17344K, reserved 491520K
  class space    used 2412K, committed 2560K, reserved 425984K
}
Event: 4.717 GC heap after
{Heap after GC invocations=4 (full 0):
 garbage-first heap   total 129024K, used 22678K [0x0000000080000000, 0x0000000100000000)
  region size 1024K, 10 young (10240K), 10 survivors (10240K)
 Metaspace       used 17034K, committed 17344K, reserved 491520K
  class space    used 2412K, committed 2560K, reserved 425984K
}
Event: 5.759 GC heap before
{Heap before GC invocations=4 (full 0):
 garbage-first heap   total 129024K, used 59542K [0x0000000080000000, 0x0000000100000000)
  region size 1024K, 47 young (48128K), 10 survivors (10240K)
 Metaspace       used 21169K, committed 21504K, reserved 491520K
  class space    used 3094K, committed 3264K, reserved 425984K
}
Event: 5.767 GC heap after
{Heap after GC invocations=5 (full 0):
 garbage-first heap   total 129024K, used 25116K [0x0000000080000000, 0x0000000100000000)
  region size 1024K, 3 young (3072K), 3 survivors (3072K)
 Metaspace       used 21169K, committed 21504K, reserved 491520K
  class space    used 3094K, committed 3264K, reserved 425984K
}
Event: 7.486 GC heap before
{Heap before GC invocations=6 (full 0):
 garbage-first heap   total 89088K, used 74268K [0x0000000080000000, 0x0000000100000000)
  region size 1024K, 52 young (53248K), 3 survivors (3072K)
 Metaspace       used 27111K, committed 27584K, reserved 491520K
  class space    used 3979K, committed 4224K, reserved 425984K
}
Event: 7.494 GC heap after
{Heap after GC invocations=7 (full 0):
 garbage-first heap   total 89088K, used 28413K [0x0000000080000000, 0x0000000100000000)
  region size 1024K, 6 young (6144K), 6 survivors (6144K)
 Metaspace       used 27111K, committed 27584K, reserved 491520K
  class space    used 3979K, committed 4224K, reserved 425984K
}
Event: 8.872 GC heap before
{Heap before GC invocations=7 (full 0):
 garbage-first heap   total 89088K, used 66301K [0x0000000080000000, 0x0000000100000000)
  region size 1024K, 44 young (45056K), 6 survivors (6144K)
 Metaspace       used 32375K, committed 32832K, reserved 491520K
  class space    used 4700K, committed 4928K, reserved 425984K
}
Event: 8.880 GC heap after
{Heap after GC invocations=8 (full 0):
 garbage-first heap   total 89088K, used 30966K [0x0000000080000000, 0x0000000100000000)
  region size 1024K, 3 young (3072K), 3 survivors (3072K)
 Metaspace       used 32375K, committed 32832K, reserved 491520K
  class space    used 4700K, committed 4928K, reserved 425984K
}
Event: 9.225 GC heap before
{Heap before GC invocations=8 (full 0):
 garbage-first heap   total 89088K, used 43254K [0x0000000080000000, 0x0000000100000000)
  region size 1024K, 17 young (17408K), 3 survivors (3072K)
 Metaspace       used 35522K, committed 35968K, reserved 491520K
  class space    used 5050K, committed 5248K, reserved 425984K
}
Event: 9.230 GC heap after
{Heap after GC invocations=9 (full 0):
 garbage-first heap   total 89088K, used 34060K [0x0000000080000000, 0x0000000100000000)
  region size 1024K, 5 young (5120K), 5 survivors (5120K)
 Metaspace       used 35522K, committed 35968K, reserved 491520K
  class space    used 5050K, committed 5248K, reserved 425984K
}
Event: 10.022 GC heap before
{Heap before GC invocations=10 (full 0):
 garbage-first heap   total 89088K, used 71948K [0x0000000080000000, 0x0000000100000000)
  region size 1024K, 37 young (37888K), 5 survivors (5120K)
 Metaspace       used 37601K, committed 38080K, reserved 491520K
  class space    used 5215K, committed 5440K, reserved 425984K
}
Event: 10.029 GC heap after
{Heap after GC invocations=11 (full 0):
 garbage-first heap   total 89088K, used 37747K [0x0000000080000000, 0x0000000100000000)
  region size 1024K, 5 young (5120K), 5 survivors (5120K)
 Metaspace       used 37601K, committed 38080K, reserved 491520K
  class space    used 5215K, committed 5440K, reserved 425984K
}
Event: 10.791 GC heap before
{Heap before GC invocations=11 (full 0):
 garbage-first heap   total 89088K, used 67443K [0x0000000080000000, 0x0000000100000000)
  region size 1024K, 34 young (34816K), 5 survivors (5120K)
 Metaspace       used 39524K, committed 40000K, reserved 491520K
  class space    used 5515K, committed 5760K, reserved 425984K
}
Event: 10.797 GC heap after
{Heap after GC invocations=12 (full 0):
 garbage-first heap   total 89088K, used 39919K [0x0000000080000000, 0x0000000100000000)
  region size 1024K, 5 young (5120K), 5 survivors (5120K)
 Metaspace       used 39524K, committed 40000K, reserved 491520K
  class space    used 5515K, committed 5760K, reserved 425984K
}

